<?xml version="1.0" encoding="UTF-8"?>
<!-- Generated by org.testng.reporters.JUnitReportReporter -->
<testsuite hostname="adm-PC" failures="0" tests="1" name="com.inetbanking.testCases.TC_NewCustomer_001" time="6.833" errors="0" timestamp="17 Sep. 2021 13:17:01 GMT" skipped="0">
  <testcase classname="com.inetbanking.testCases.TC_NewCustomer_001" name="addNewCustomer" time="6.833"/>
</testsuite> <!-- com.inetbanking.testCases.TC_NewCustomer_001 -->
